androidApp/build/intermediates/manifest_merge_blame_file/debug/manifest-merger-blame-debug-report.txt
1<?xml version="1.0" encoding="utf-8"?>
2<manifest xmlns:android="http://schemas.android.com/apk/res/android"
3    package="com.example.kmmplayground.androidApp"
4    android:versionCode="1"
5    android:versionName="1.0" >
6
7    <uses-sdk
8        android:minSdkVersion="24"
8-->src/main/AndroidManifest.xml
9        android:targetSdkVersion="29" />
9-->src/main/AndroidManifest.xml
10
11    <uses-permission android:name="android.permission.INTERNET" />
11-->src/main/AndroidManifest.xml:4:5-66
11-->src/main/AndroidManifest.xml:4:22-64
12    <uses-permission android:name="android.permission.REORDER_TASKS" />
12-->[androidx.test:core:1.3.0] AndroidManifest.xml:24:5-72
12-->[androidx.test:core:1.3.0] AndroidManifest.xml:24:22-69
13
14    <application
14-->src/main/AndroidManifest.xml:6:5-17:19
15        android:name="com.example.kmmplayground.androidApp.presentation.BaseApplication"
15-->src/main/AndroidManifest.xml:7:9-53
16        android:allowBackup="false"
16-->src/main/AndroidManifest.xml:8:9-36
17        android:appComponentFactory="androidx.core.app.CoreComponentFactory"
17-->[androidx.core:core:1.5.0-beta01] AndroidManifest.xml:24:18-86
18        android:debuggable="true"
19        android:extractNativeLibs="false"
20        android:supportsRtl="true"
20-->src/main/AndroidManifest.xml:9:9-35
21        android:testOnly="true"
22        android:theme="@style/AppTheme" >
22-->src/main/AndroidManifest.xml:10:9-40
23        <activity android:name="com.example.kmmplayground.androidApp.presentation.MainActivity" >
23-->src/main/AndroidManifest.xml:11:9-16:20
23-->src/main/AndroidManifest.xml:11:19-60
24            <intent-filter>
24-->src/main/AndroidManifest.xml:12:13-15:29
25                <action android:name="android.intent.action.MAIN" />
25-->src/main/AndroidManifest.xml:13:17-68
25-->src/main/AndroidManifest.xml:13:25-66
26
27                <category android:name="android.intent.category.LAUNCHER" />
27-->src/main/AndroidManifest.xml:14:17-76
27-->src/main/AndroidManifest.xml:14:27-74
28            </intent-filter>
29        </activity>
30        <activity
30-->[androidx.compose.ui:ui-tooling:1.0.0-beta01] AndroidManifest.xml:25:9-27:39
31            android:name="androidx.compose.ui.tooling.preview.PreviewActivity"
31-->[androidx.compose.ui:ui-tooling:1.0.0-beta01] AndroidManifest.xml:26:13-79
32            android:exported="true" />
32-->[androidx.compose.ui:ui-tooling:1.0.0-beta01] AndroidManifest.xml:27:13-36
33        <activity android:name="androidx.compose.ui.tooling.data.TestActivity" />
33-->[androidx.compose.ui:ui-tooling-data:1.0.0-beta01] AndroidManifest.xml:25:9-82
33-->[androidx.compose.ui:ui-tooling-data:1.0.0-beta01] AndroidManifest.xml:25:19-79
34        <activity
34-->[androidx.test:core:1.3.0] AndroidManifest.xml:27:9-33:20
35            android:name="androidx.test.core.app.InstrumentationActivityInvoker$BootstrapActivity"
35-->[androidx.test:core:1.3.0] AndroidManifest.xml:28:13-99
36            android:theme="@android:style/Theme" >
36-->[androidx.test:core:1.3.0] AndroidManifest.xml:29:13-49
37            <intent-filter>
37-->[androidx.test:core:1.3.0] AndroidManifest.xml:30:13-32:29
38                <action android:name="android.intent.action.MAIN" />
38-->src/main/AndroidManifest.xml:13:17-68
38-->src/main/AndroidManifest.xml:13:25-66
39            </intent-filter>
40        </activity>
41        <activity
41-->[androidx.test:core:1.3.0] AndroidManifest.xml:34:9-40:20
42            android:name="androidx.test.core.app.InstrumentationActivityInvoker$EmptyActivity"
42-->[androidx.test:core:1.3.0] AndroidManifest.xml:35:13-95
43            android:theme="@android:style/Theme" >
43-->[androidx.test:core:1.3.0] AndroidManifest.xml:36:13-49
44            <intent-filter>
44-->[androidx.test:core:1.3.0] AndroidManifest.xml:30:13-32:29
45                <action android:name="android.intent.action.MAIN" />
45-->src/main/AndroidManifest.xml:13:17-68
45-->src/main/AndroidManifest.xml:13:25-66
46            </intent-filter>
47        </activity>
48        <activity
48-->[androidx.test:core:1.3.0] AndroidManifest.xml:41:9-47:20
49            android:name="androidx.test.core.app.InstrumentationActivityInvoker$EmptyFloatingActivity"
49-->[androidx.test:core:1.3.0] AndroidManifest.xml:42:13-103
50            android:theme="@android:style/Theme.Dialog" >
50-->[androidx.test:core:1.3.0] AndroidManifest.xml:43:13-56
51            <intent-filter>
51-->[androidx.test:core:1.3.0] AndroidManifest.xml:30:13-32:29
52                <action android:name="android.intent.action.MAIN" />
52-->src/main/AndroidManifest.xml:13:17-68
52-->src/main/AndroidManifest.xml:13:25-66
53            </intent-filter>
54        </activity>
55    </application>
56
57</manifest>